[INFO] Scanning for projects...
[INFO] 
[INFO] -------------------------< com.dds:apigateway >-------------------------
[INFO] Building apigateway 0.0.1-SNAPSHOT
[INFO]   from pom.xml
[INFO] --------------------------------[ jar ]---------------------------------
[INFO] 
[INFO] >>> spring-boot:3.5.7:run (default-cli) > test-compile @ apigateway >>>
[INFO] 
[INFO] --- resources:3.3.1:resources (default-resources) @ apigateway ---
[INFO] Copying 1 resource from src/main/resources to target/classes
[INFO] Copying 0 resource from src/main/resources to target/classes
[INFO] 
[INFO] --- compiler:3.14.1:compile (default-compile) @ apigateway ---
[INFO] Nothing to compile - all classes are up to date.
[INFO] 
[INFO] --- resources:3.3.1:testResources (default-testResources) @ apigateway ---
[INFO] skip non existing resourceDirectory /home/siddhu/Desktop/Project/ItineraryGenerator-master/apigateway/src/test/resources
[INFO] 
[INFO] --- compiler:3.14.1:testCompile (default-testCompile) @ apigateway ---
[INFO] No sources to compile
[INFO] 
[INFO] <<< spring-boot:3.5.7:run (default-cli) < test-compile @ apigateway <<<
[INFO] 
[INFO] 
[INFO] --- spring-boot:3.5.7:run (default-cli) @ apigateway ---
[INFO] Attaching agents: []

  .   ____          _            __ _ _
 /\\ / ___'_ __ _ _(_)_ __  __ _ \ \ \ \
( ( )\___ | '_ | '_| | '_ \/ _` | \ \ \ \
 \\/  ___)| |_)| | | | | || (_| |  ) ) ) )
  '  |____| .__|_| |_|_| |_\__, | / / / /
 =========|_|==============|___/=/_/_/_/

 :: Spring Boot ::                (v3.5.7)

2025-11-13T10:13:56.770+05:30  INFO 24153 --- [apigateway] [           main] c.dds.api_gateway.ApigatewayApplication  : Starting ApigatewayApplication using Java 17.0.16 with PID 24153 (/home/siddhu/Desktop/Project/ItineraryGenerator-master/apigateway/target/classes started by siddhu in /home/siddhu/Desktop/Project/ItineraryGenerator-master/apigateway)
2025-11-13T10:13:56.773+05:30  INFO 24153 --- [apigateway] [           main] c.dds.api_gateway.ApigatewayApplication  : No active profile set, falling back to 1 default profile: "default"
2025-11-13T10:13:58.874+05:30  INFO 24153 --- [apigateway] [           main] o.s.cloud.context.scope.GenericScope     : BeanFactory id=2fbfce22-d5ed-3fac-9200-7343142817dc
2025-11-13T10:13:59.550+05:30  INFO 24153 --- [apigateway] [           main] ctiveUserDetailsServiceAutoConfiguration : 

Using generated security password: eabbd872-493e-402e-a47d-2fd261079b1b

2025-11-13T10:13:59.925+05:30  WARN 24153 --- [apigateway] [           main] GatewayClassPathWarningAutoConfiguration : 

**********************************************************

The artifact spring-cloud-gateway-server is deprecated. It will be removed in the next major release. Please add spring-cloud-gateway-server-webflux dependency.

**********************************************************


2025-11-13T10:14:00.311+05:30  INFO 24153 --- [apigateway] [           main] o.s.c.g.r.RouteDefinitionRouteLocator    : Loaded RoutePredicateFactory [After]
2025-11-13T10:14:00.311+05:30  INFO 24153 --- [apigateway] [           main] o.s.c.g.r.RouteDefinitionRouteLocator    : Loaded RoutePredicateFactory [Before]
2025-11-13T10:14:00.312+05:30  INFO 24153 --- [apigateway] [           main] o.s.c.g.r.RouteDefinitionRouteLocator    : Loaded RoutePredicateFactory [Between]
2025-11-13T10:14:00.312+05:30  INFO 24153 --- [apigateway] [           main] o.s.c.g.r.RouteDefinitionRouteLocator    : Loaded RoutePredicateFactory [Cookie]
2025-11-13T10:14:00.312+05:30  INFO 24153 --- [apigateway] [           main] o.s.c.g.r.RouteDefinitionRouteLocator    : Loaded RoutePredicateFactory [Header]
2025-11-13T10:14:00.312+05:30  INFO 24153 --- [apigateway] [           main] o.s.c.g.r.RouteDefinitionRouteLocator    : Loaded RoutePredicateFactory [Host]
2025-11-13T10:14:00.312+05:30  INFO 24153 --- [apigateway] [           main] o.s.c.g.r.RouteDefinitionRouteLocator    : Loaded RoutePredicateFactory [Method]
2025-11-13T10:14:00.313+05:30  INFO 24153 --- [apigateway] [           main] o.s.c.g.r.RouteDefinitionRouteLocator    : Loaded RoutePredicateFactory [Path]
2025-11-13T10:14:00.313+05:30  INFO 24153 --- [apigateway] [           main] o.s.c.g.r.RouteDefinitionRouteLocator    : Loaded RoutePredicateFactory [Query]
2025-11-13T10:14:00.313+05:30  INFO 24153 --- [apigateway] [           main] o.s.c.g.r.RouteDefinitionRouteLocator    : Loaded RoutePredicateFactory [ReadBody]
2025-11-13T10:14:00.313+05:30  INFO 24153 --- [apigateway] [           main] o.s.c.g.r.RouteDefinitionRouteLocator    : Loaded RoutePredicateFactory [RemoteAddr]
2025-11-13T10:14:00.313+05:30  INFO 24153 --- [apigateway] [           main] o.s.c.g.r.RouteDefinitionRouteLocator    : Loaded RoutePredicateFactory [XForwardedRemoteAddr]
2025-11-13T10:14:00.313+05:30  INFO 24153 --- [apigateway] [           main] o.s.c.g.r.RouteDefinitionRouteLocator    : Loaded RoutePredicateFactory [Weight]
2025-11-13T10:14:00.313+05:30  INFO 24153 --- [apigateway] [           main] o.s.c.g.r.RouteDefinitionRouteLocator    : Loaded RoutePredicateFactory [CloudFoundryRouteService]
2025-11-13T10:14:00.703+05:30  WARN 24153 --- [apigateway] [           main] s.w.s.StarterDeprecatedAutoConfiguration : 

**********************************************************

spring-cloud-starter-gateway is deprecated. It will be removed in the next major release. Please use spring-cloud-starter-gateway-server-webflux instead.

**********************************************************


2025-11-13T10:14:00.938+05:30  INFO 24153 --- [apigateway] [           main] o.s.b.web.embedded.netty.NettyWebServer  : Netty started on port 8090 (http)
2025-11-13T10:14:01.081+05:30  INFO 24153 --- [apigateway] [           main] c.dds.api_gateway.ApigatewayApplication  : Started ApigatewayApplication in 5.487 seconds (process running for 7.809)
2025-11-13T10:14:01.087+05:30  WARN 24153 --- [apigateway] [           main] o.s.b.c.p.m.PropertiesMigrationListener  : 
The use of configuration keys that have been renamed was found in the environment:

Property source 'Config resource 'class path resource [application.properties]' via location 'optional:classpath:/'':
	Key: spring.cloud.gateway.globalcors.corsconfigurations[/**].allowedorigins
		Line: 5
		Replacement: spring.cloud.gateway.server.webflux.globalcors.cors-configurations[/**].allowedorigins
	Key: spring.cloud.gateway.globalcors.corsconfigurations[/**].allowedmethods
		Line: 6
		Replacement: spring.cloud.gateway.server.webflux.globalcors.cors-configurations[/**].allowedmethods
	Key: spring.cloud.gateway.globalcors.corsconfigurations[/*].allowedheaders
		Line: 8
		Replacement: spring.cloud.gateway.server.webflux.globalcors.cors-configurations[/*].allowedheaders
	Key: spring.cloud.gateway.globalcors.corsconfigurations[/**].allowcredentials
		Line: 8
		Replacement: spring.cloud.gateway.server.webflux.globalcors.cors-configurations[/**].allowcredentials


Each configuration key has been temporarily mapped to its replacement for your convenience. To silence this warning, please update your configuration to use the new keys.

Login or Register request - skipping JWT validation
Login or Register request - skipping JWT validation
Login or Register request - skipping JWT validation
Login or Register request - skipping JWT validation
Login or Register request - skipping JWT validation
Login or Register request - skipping JWT validation
Login or Register request - skipping JWT validation
Login or Register request - skipping JWT validation
Login or Register request - skipping JWT validation
Login or Register request - skipping JWT validation
Login or Register request - skipping JWT validation
