[INFO] Scanning for projects...
[INFO] 
[INFO] --------------------< com.dds:destination-service >---------------------
[INFO] Building destination-service 0.0.1-SNAPSHOT
[INFO]   from pom.xml
[INFO] --------------------------------[ jar ]---------------------------------
[INFO] 
[INFO] >>> spring-boot:3.5.7:run (default-cli) > test-compile @ destination-service >>>
[INFO] 
[INFO] --- resources:3.3.1:resources (default-resources) @ destination-service ---
[INFO] Copying 1 resource from src/main/resources to target/classes
[INFO] Copying 0 resource from src/main/resources to target/classes
[INFO] 
[INFO] --- compiler:3.14.1:compile (default-compile) @ destination-service ---
[INFO] Nothing to compile - all classes are up to date.
[INFO] 
[INFO] --- resources:3.3.1:testResources (default-testResources) @ destination-service ---
[INFO] skip non existing resourceDirectory /home/siddhu/Desktop/Project/ItineraryGenerator-master/destination-service/src/test/resources
[INFO] 
[INFO] --- compiler:3.14.1:testCompile (default-testCompile) @ destination-service ---
[INFO] Nothing to compile - all classes are up to date.
[INFO] 
[INFO] <<< spring-boot:3.5.7:run (default-cli) < test-compile @ destination-service <<<
[INFO] 
[INFO] 
[INFO] --- spring-boot:3.5.7:run (default-cli) @ destination-service ---
[INFO] Attaching agents: []
Standard Commons Logging discovery in action with spring-jcl: please remove commons-logging.jar from classpath in order to avoid potential conflicts

  .   ____          _            __ _ _
 /\\ / ___'_ __ _ _(_)_ __  __ _ \ \ \ \
( ( )\___ | '_ | '_| | '_ \/ _` | \ \ \ \
 \\/  ___)| |_)| | | | | || (_| |  ) ) ) )
  '  |____| .__|_| |_|_| |_\__, | / / / /
 =========|_|==============|___/=/_/_/_/

 :: Spring Boot ::                (v3.5.7)

2025-11-13T10:13:57.747+05:30  INFO 24286 --- [destination-service] [           main] c.d.d.DestinationServiceApplication      : Starting DestinationServiceApplication using Java 17.0.16 with PID 24286 (/home/siddhu/Desktop/Project/ItineraryGenerator-master/destination-service/target/classes started by siddhu in /home/siddhu/Desktop/Project/ItineraryGenerator-master/destination-service)
2025-11-13T10:13:57.752+05:30  INFO 24286 --- [destination-service] [           main] c.d.d.DestinationServiceApplication      : No active profile set, falling back to 1 default profile: "default"
2025-11-13T10:13:59.012+05:30  INFO 24286 --- [destination-service] [           main] .s.d.r.c.RepositoryConfigurationDelegate : Bootstrapping Spring Data JPA repositories in DEFAULT mode.
2025-11-13T10:13:59.239+05:30  INFO 24286 --- [destination-service] [           main] .s.d.r.c.RepositoryConfigurationDelegate : Finished Spring Data repository scanning in 209 ms. Found 1 JPA repository interface.
2025-11-13T10:13:59.563+05:30  INFO 24286 --- [destination-service] [           main] o.s.cloud.context.scope.GenericScope     : BeanFactory id=ec2cc40c-96b8-3855-89ed-b9d05d5ea16f
2025-11-13T10:14:00.116+05:30  INFO 24286 --- [destination-service] [           main] o.s.b.w.embedded.tomcat.TomcatWebServer  : Tomcat initialized with port 8080 (http)
2025-11-13T10:14:00.154+05:30  INFO 24286 --- [destination-service] [           main] o.apache.catalina.core.StandardService   : Starting service [Tomcat]
2025-11-13T10:14:00.155+05:30  INFO 24286 --- [destination-service] [           main] o.apache.catalina.core.StandardEngine    : Starting Servlet engine: [Apache Tomcat/10.1.48]
2025-11-13T10:14:00.232+05:30  INFO 24286 --- [destination-service] [           main] o.a.c.c.C.[Tomcat].[localhost].[/]       : Initializing Spring embedded WebApplicationContext
2025-11-13T10:14:00.234+05:30  INFO 24286 --- [destination-service] [           main] w.s.c.ServletWebServerApplicationContext : Root WebApplicationContext: initialization completed in 2385 ms
Standard Commons Logging discovery in action with spring-jcl: please remove commons-logging.jar from classpath in order to avoid potential conflicts
2025-11-13T10:14:00.469+05:30  INFO 24286 --- [destination-service] [           main] o.hibernate.jpa.internal.util.LogHelper  : HHH000204: Processing PersistenceUnitInfo [name: default]
2025-11-13T10:14:00.528+05:30  INFO 24286 --- [destination-service] [           main] org.hibernate.Version                    : HHH000412: Hibernate ORM core version 6.6.33.Final
2025-11-13T10:14:00.570+05:30  INFO 24286 --- [destination-service] [           main] o.h.c.internal.RegionFactoryInitiator    : HHH000026: Second-level cache disabled
2025-11-13T10:14:00.773+05:30  INFO 24286 --- [destination-service] [           main] com.zaxxer.hikari.HikariDataSource       : HikariPool-1 - Starting...
2025-11-13T10:14:01.252+05:30  INFO 24286 --- [destination-service] [           main] com.zaxxer.hikari.pool.HikariPool        : HikariPool-1 - Added connection org.postgresql.jdbc.PgConnection@5ed65e4b
2025-11-13T10:14:01.254+05:30  INFO 24286 --- [destination-service] [           main] com.zaxxer.hikari.HikariDataSource       : HikariPool-1 - Start completed.
2025-11-13T10:14:01.305+05:30  WARN 24286 --- [destination-service] [           main] org.hibernate.orm.deprecation            : HHH90000025: PostgreSQLDialect does not need to be specified explicitly using 'hibernate.dialect' (remove the property setting and it will be selected by default)
2025-11-13T10:14:01.331+05:30  INFO 24286 --- [destination-service] [           main] org.hibernate.orm.connections.pooling    : HHH10001005: Database info:
	Database JDBC URL [Connecting through datasource 'HikariDataSource (HikariPool-1)']
	Database driver: undefined/unknown
	Database version: 14.19
	Autocommit mode: undefined/unknown
	Isolation level: undefined/unknown
	Minimum pool size: undefined/unknown
	Maximum pool size: undefined/unknown
2025-11-13T10:14:01.671+05:30  INFO 24286 --- [destination-service] [           main] o.s.o.j.p.SpringPersistenceUnitInfo      : No LoadTimeWeaver setup: ignoring JPA class transformer
2025-11-13T10:14:02.850+05:30  INFO 24286 --- [destination-service] [           main] o.h.e.t.j.p.i.JtaPlatformInitiator       : HHH000489: No JTA platform available (set 'hibernate.transaction.jta.platform' to enable JTA platform integration)
2025-11-13T10:14:02.922+05:30  INFO 24286 --- [destination-service] [           main] j.LocalContainerEntityManagerFactoryBean : Initialized JPA EntityManagerFactory for persistence unit 'default'
2025-11-13T10:14:03.365+05:30  WARN 24286 --- [destination-service] [           main] JpaBaseConfiguration$JpaWebConfiguration : spring.jpa.open-in-view is enabled by default. Therefore, database queries may be performed during view rendering. Explicitly configure spring.jpa.open-in-view to disable this warning
2025-11-13T10:14:04.298+05:30  INFO 24286 --- [destination-service] [           main] DiscoveryClientOptionalArgsConfiguration : Eureka HTTP Client uses RestTemplate.
2025-11-13T10:14:04.351+05:30  WARN 24286 --- [destination-service] [           main] iguration$LoadBalancerCaffeineWarnLogger : Spring Cloud LoadBalancer is currently working with the default cache. While this cache implementation is useful for development and tests, it's recommended to use Caffeine cache in production.You can switch to using Caffeine cache, by adding it and org.springframework.cache.caffeine.CaffeineCacheManager to the classpath.
2025-11-13T10:14:04.410+05:30  INFO 24286 --- [destination-service] [           main] o.s.c.n.eureka.InstanceInfoFactory       : Setting initial instance status as: STARTING
2025-11-13T10:14:04.446+05:30  INFO 24286 --- [destination-service] [           main] com.netflix.discovery.DiscoveryClient    : Initializing Eureka in region us-east-1
2025-11-13T10:14:04.459+05:30  INFO 24286 --- [destination-service] [           main] c.n.d.s.r.aws.ConfigClusterResolver      : Resolving eureka endpoints via configuration
2025-11-13T10:14:04.472+05:30  INFO 24286 --- [destination-service] [           main] com.netflix.discovery.DiscoveryClient    : Disable delta property : false
2025-11-13T10:14:04.473+05:30  INFO 24286 --- [destination-service] [           main] com.netflix.discovery.DiscoveryClient    : Single vip registry refresh property : null
2025-11-13T10:14:04.473+05:30  INFO 24286 --- [destination-service] [           main] com.netflix.discovery.DiscoveryClient    : Force full registry fetch : false
2025-11-13T10:14:04.474+05:30  INFO 24286 --- [destination-service] [           main] com.netflix.discovery.DiscoveryClient    : Application is null : false
2025-11-13T10:14:04.474+05:30  INFO 24286 --- [destination-service] [           main] com.netflix.discovery.DiscoveryClient    : Registered Applications size is zero : true
2025-11-13T10:14:04.475+05:30  INFO 24286 --- [destination-service] [           main] com.netflix.discovery.DiscoveryClient    : Application version is -1: true
2025-11-13T10:14:04.475+05:30  INFO 24286 --- [destination-service] [           main] com.netflix.discovery.DiscoveryClient    : Getting all instance registry info from the eureka server
2025-11-13T10:14:04.949+05:30  INFO 24286 --- [destination-service] [           main] com.netflix.discovery.DiscoveryClient    : The response status is 200
2025-11-13T10:14:04.951+05:30  INFO 24286 --- [destination-service] [           main] com.netflix.discovery.DiscoveryClient    : Starting heartbeat executor: renew interval is: 30
2025-11-13T10:14:04.953+05:30  INFO 24286 --- [destination-service] [           main] c.n.discovery.InstanceInfoReplicator     : InstanceInfoReplicator onDemand update allowed rate per min is 4
2025-11-13T10:14:04.955+05:30  INFO 24286 --- [destination-service] [           main] com.netflix.discovery.DiscoveryClient    : Discovery Client initialized at timestamp 1763009044955 with initial instances count: 1
2025-11-13T10:14:04.960+05:30  INFO 24286 --- [destination-service] [           main] o.s.c.n.e.s.EurekaServiceRegistry        : Registering application DESTINATION-SERVICE with eureka with status UP
2025-11-13T10:14:04.961+05:30  INFO 24286 --- [destination-service] [           main] com.netflix.discovery.DiscoveryClient    : Saw local status change event StatusChangeEvent [timestamp=1763009044961, current=UP, previous=STARTING]
2025-11-13T10:14:04.962+05:30  INFO 24286 --- [destination-service] [foReplicator-%d] com.netflix.discovery.DiscoveryClient    : DiscoveryClient_DESTINATION-SERVICE/10.53.172.95:destination-service:8080: registering service...
2025-11-13T10:14:04.976+05:30  INFO 24286 --- [destination-service] [           main] o.s.b.w.embedded.tomcat.TomcatWebServer  : Tomcat started on port 8080 (http) with context path '/'
2025-11-13T10:14:04.977+05:30  INFO 24286 --- [destination-service] [           main] .s.c.n.e.s.EurekaAutoServiceRegistration : Updating port to 8080
2025-11-13T10:14:04.995+05:30  INFO 24286 --- [destination-service] [foReplicator-%d] com.netflix.discovery.DiscoveryClient    : DiscoveryClient_DESTINATION-SERVICE/10.53.172.95:destination-service:8080 - registration status: 204
2025-11-13T10:14:05.000+05:30  INFO 24286 --- [destination-service] [           main] c.d.d.DestinationServiceApplication      : Started DestinationServiceApplication in 8.37 seconds (process running for 9.436)
2025-11-13T10:19:04.478+05:30  INFO 24286 --- [destination-service] [rap-executor-%d] c.n.d.s.r.aws.ConfigClusterResolver      : Resolving eureka endpoints via configuration
2025-11-13T10:20:01.495+05:30  INFO 24286 --- [destination-service] [nio-8080-exec-1] o.a.c.c.C.[Tomcat].[localhost].[/]       : Initializing Spring DispatcherServlet 'dispatcherServlet'
2025-11-13T10:20:01.495+05:30  INFO 24286 --- [destination-service] [nio-8080-exec-1] o.s.web.servlet.DispatcherServlet        : Initializing Servlet 'dispatcherServlet'
2025-11-13T10:20:01.497+05:30  INFO 24286 --- [destination-service] [nio-8080-exec-1] o.s.web.servlet.DispatcherServlet        : Completed initialization in 2 ms
Parsed Itinerary: [DayItinerary(day=null, morning=Activity(time=9:00 AM - 12:00 PM, description=Arrive at Narita International Airport (NRT) or Haneda Airport (HND). Purchase Suica or Pasmo IC cards for easy public transport. Take the Narita Express or Limousine Bus to your accommodation in Tokyo. Check in and leave luggage., estimated_cost=7000 JPY, notes=Cost includes airport transfer for two and initial IC card top-up. Consider purchasing a portable Wi-Fi device if needed (budget extra for this).), afternoon=Activity(time=1:00 PM - 5:00 PM, description=Explore Shibuya. Visit the iconic Shibuya Crossing, Hachiko statue, and enjoy the vibrant atmosphere. Ascend to Shibuya Sky for panoramic city views., estimated_cost=6000 JPY, notes=Includes entrance fee for Shibuya Sky and a light snack/drink.), evening=Activity(time=6:00 PM - 9:00 PM, description=Dinner in Shinjuku. Experience an Izakaya (Japanese pub) for a variety of small dishes and drinks. Explore Omoide Yokocho (Memory Lane) for a retro, atmospheric dining experience., estimated_cost=8000 JPY, notes=Dinner for two at a moderately priced Izakaya.)), DayItinerary(day=null, morning=Activity(time=9:00 AM - 12:00 PM, description=Visit Asakusa. Explore Senso-ji Temple, Tokyo's oldest temple, and Nakamise-dori market for traditional souvenirs and snacks., estimated_cost=3000 JPY, notes=Includes small souvenir purchases and snacks.), afternoon=Activity(time=1:00 PM - 5:00 PM, description=Immerse yourselves in culture at the Tokyo National Museum in Ueno Park. Afterwards, enjoy a stroll through Ueno Park and visit the Shinobazu Pond., estimated_cost=4000 JPY, notes=Entrance fees for the museum and a coffee break.), evening=Activity(time=6:00 PM - 9:00 PM, description=Dinner in Akihabara. Enjoy themed cafes (e.g., maid cafe for a quirky experience) or a casual ramen dinner. Explore the electronic shops and anime culture., estimated_cost=7000 JPY, notes=Dinner for two at a ramen shop or a themed cafe experience.)), DayItinerary(day=null, morning=Activity(time=9:00 AM - 12:00 PM, description=Day trip to Hakone (via Odakyu Romancecar). Enjoy scenic views of Mount Fuji (weather permitting) on the Hakone Ropeway and a cruise on Lake Ashi., estimated_cost=12000 JPY, notes=Includes round-trip train fare to Hakone and the Hakone Free Pass (covers ropeway, cruise, and local buses).), afternoon=Activity(time=1:00 PM - 5:00 PM, description=Visit the Hakone Open-Air Museum, showcasing impressive sculptures against a natural backdrop. Enjoy the peaceful ambiance of the area., estimated_cost=4000 JPY, notes=Entrance fee for the Hakone Open-Air Museum.), evening=Activity(time=6:00 PM - 9:00 PM, description=Return to Tokyo. Dinner in Ginza, known for its upscale shopping and dining. Opt for a moderately priced restaurant for a delicious meal., estimated_cost=10000 JPY, notes=Dinner for two in Ginza. Look for restaurants with lunch/early dinner specials or more casual establishments.)), DayItinerary(day=null, morning=Activity(time=9:00 AM - 12:00 PM, description=Explore Harajuku. Walk down Takeshita Street for unique fashion, street food, and colorful shops. Visit the peaceful Meiji Jingu Shrine, dedicated to Emperor Meiji and Empress Shoken., estimated_cost=4000 JPY, notes=Street food and small souvenir purchases.), afternoon=Activity(time=1:00 PM - 4:00 PM, description=Visit the Ghibli Museum (requires advance booking, often months ahead). If Ghibli Museum is not accessible, explore the trendy Omotesando area for high-end boutiques and cafes., estimated_cost=6000 JPY, notes=Includes Ghibli Museum entrance fee (if booked) or cafe expenses in Omotesando.), evening=Activity(time=5:00 PM onwards, description=Enjoy a final Japanese dinner. Depending on your departure time, you could have a leisurely meal in an area you enjoyed or try something new. Head to the airport for departure., estimated_cost=8000 JPY, notes=Final dinner and cost for airport transfer based on departure location. This itinerary assumes departure on Day 4 evening or Day 5 morning.))]
2025-11-13T10:24:04.480+05:30  INFO 24286 --- [destination-service] [rap-executor-%d] c.n.d.s.r.aws.ConfigClusterResolver      : Resolving eureka endpoints via configuration
2025-11-13T10:29:04.481+05:30  INFO 24286 --- [destination-service] [rap-executor-%d] c.n.d.s.r.aws.ConfigClusterResolver      : Resolving eureka endpoints via configuration
2025-11-13T10:34:04.482+05:30  INFO 24286 --- [destination-service] [rap-executor-%d] c.n.d.s.r.aws.ConfigClusterResolver      : Resolving eureka endpoints via configuration
2025-11-13T10:39:04.483+05:30  INFO 24286 --- [destination-service] [rap-executor-%d] c.n.d.s.r.aws.ConfigClusterResolver      : Resolving eureka endpoints via configuration
Parsed Itinerary: [DayItinerary(day=null, morning=Activity(time=9:00 AM - 12:00 PM, description=Arrive at Dubai International Airport (DXB). Take a taxi or metro to your hotel in Downtown Dubai. Check in and leave your luggage., estimated_cost=50.00, notes=Consider booking airport transfer in advance for convenience. Metro is a cost-effective option.), afternoon=Activity(time=1:00 PM - 4:00 PM, description=Lunch at a casual eatery in Dubai Mall. Explore the Dubai Aquarium & Underwater Zoo., estimated_cost=80.00, notes=Dubai Mall has numerous food court options and restaurants. Pre-booking aquarium tickets might save time.), evening=Activity(time=6:00 PM - 9:00 PM, description=Witness the Dubai Fountain show. Enjoy dinner at a restaurant with views of the Burj Khalifa., estimated_cost=150.00, notes=Fountain show is free. Book dinner reservations in advance, especially for popular spots.)), DayItinerary(day=null, morning=Activity(time=9:00 AM - 12:00 PM, description=Visit the Burj Khalifa. Ascend to the observation decks for breathtaking panoramic views of Dubai., estimated_cost=120.00, notes=Book tickets online in advance to secure your preferred time slot and potentially get better prices.), afternoon=Activity(time=1:00 PM - 4:00 PM, description=Explore the Souk Al Bahar. Enjoy lunch at a cafe overlooking the Dubai Creek., estimated_cost=70.00, notes=Souk Al Bahar offers traditional crafts and souvenirs. Many cafes have outdoor seating.), evening=Activity(time=6:00 PM - 9:00 PM, description=Dhow Cruise Dinner along Dubai Creek. Enjoy a traditional Arabian dining experience with entertainment., estimated_cost=200.00, notes=Several companies offer dhow cruises. Compare prices and inclusions (food, entertainment).)), DayItinerary(day=null, morning=Activity(time=9:00 AM - 12:00 PM, description=Visit the Al Fahidi Historical Neighbourhood (Old Dubai). Explore the traditional wind-tower houses and art galleries., estimated_cost=30.00, notes=Wander through the narrow alleys. Consider a visit to the Dubai Museum (if open).), afternoon=Activity(time=1:00 PM - 4:00 PM, description=Take an Abra ride across Dubai Creek to Deira. Explore the Spice Souk and Gold Souk., estimated_cost=20.00, notes=Abra rides are a quintessential Dubai experience and very inexpensive. Be prepared for friendly haggling in the souks.), evening=Activity(time=6:00 PM - 9:00 PM, description=Enjoy a budget-friendly dinner at a local restaurant in Deira, experiencing authentic Emirati cuisine., estimated_cost=80.00, notes=Look for small, busy eateries for a more authentic and affordable experience.)), DayItinerary(day=null, morning=Activity(time=9:00 AM - 12:00 PM, description=Visit the Miracle Garden (seasonal - typically Nov-May).  Explore the stunning floral displays., estimated_cost=60.00, notes=Check opening dates. Transportation to Miracle Garden can be via taxi or ride-sharing.), afternoon=Activity(time=1:00 PM - 4:00 PM, description=Lunch at a cafe near your hotel or a relaxed park like Zabeel Park. Pack a picnic if desired., estimated_cost=50.00, notes=Zabeel Park offers green spaces and playgrounds. A picnic is a great way to save money.), evening=Activity(time=6:00 PM onwards, description=Depart from Dubai International Airport (DXB)., estimated_cost=40.00, notes=Allow ample time for airport procedures. Taxi or metro to the airport.))]
2025-11-13T10:44:04.484+05:30  INFO 24286 --- [destination-service] [rap-executor-%d] c.n.d.s.r.aws.ConfigClusterResolver      : Resolving eureka endpoints via configuration
2025-11-13T10:49:04.485+05:30  INFO 24286 --- [destination-service] [rap-executor-%d] c.n.d.s.r.aws.ConfigClusterResolver      : Resolving eureka endpoints via configuration
Parsed Itinerary: [DayItinerary(day=null, morning=Activity(time=9:00 AM - 12:00 PM, description=Arrive at Sydney Airport (SYD). Take the Airport Link train to your accommodation in the city center (e.g., Circular Quay or Darling Harbour). Check in and leave your luggage., estimated_cost=30.00, notes=Pre-book airport transfer for potential savings or convenience.  Consider hostels or budget hotels for accommodation.), afternoon=Activity(time=1:00 PM - 4:00 PM, description=Explore Circular Quay. Take iconic photos of the Sydney Opera House and Sydney Harbour Bridge. Enjoy a picnic lunch with stunning views (purchase supplies from a local supermarket)., estimated_cost=25.00, notes=Supermarket picnic is very budget-friendly. Free to wander around Circular Quay.), evening=Activity(time=6:00 PM - 9:00 PM, description=Walk across the Sydney Harbour Bridge (free access to pedestrian walkway). Enjoy panoramic city views as the sun sets. Have a casual dinner at a pub or a food court in The Rocks., estimated_cost=40.00, notes=The bridge walk is a must-do and offers incredible photo opportunities. The Rocks has many affordable dining options.)), DayItinerary(day=null, morning=Activity(time=9:30 AM - 12:30 PM, description=Visit the Royal Botanic Garden. Enjoy a leisurely stroll through the gardens and admire the diverse flora. Find a quiet spot for a relaxed breakfast or brunch., estimated_cost=20.00, notes=Entry to the gardens is free. Purchase breakfast from a cafe within or nearby.), afternoon=Activity(time=1:30 PM - 5:00 PM, description=Take a ferry to Manly Beach. Enjoy the scenic ferry ride across the harbour. Relax on the beach, swim, or walk along the promenade., estimated_cost=20.00, notes=Ferry tickets are relatively inexpensive and offer great value for the views. Pack beach towels and sunscreen.), evening=Activity(time=6:30 PM - 9:30 PM, description=Have a casual dinner at one of the many restaurants along Manly Corso.  Enjoy fish and chips or other local specialties., estimated_cost=50.00, notes=Manly offers a range of dining from casual to more upscale.  Choose a budget-friendly option.)), DayItinerary(day=null, morning=Activity(time=10:00 AM - 1:00 PM, description=Explore Darling Harbour. Visit the Australian National Maritime Museum (consider the free outdoor exhibits if on a strict budget). Walk along the waterfront and admire the ships., estimated_cost=15.00, notes=Many parts of Darling Harbour are free to explore. Research museum ticket prices and consider if it fits the budget.  The outdoor exhibits are excellent.), afternoon=Activity(time=2:00 PM - 5:00 PM, description=Visit the Queen Victoria Building (QVB). Admire the stunning Victorian architecture and browse the unique shops. Enjoy a coffee and pastry at a cafe inside., estimated_cost=15.00, notes=The QVB is a beautiful historic building, free to enter and explore.  Enjoy a treat from a cafe.), evening=Activity(time=6:30 PM - 9:30 PM, description=Enjoy a budget-friendly dinner in Chinatown. Sample delicious and affordable Asian cuisine., estimated_cost=40.00, notes=Chinatown offers a fantastic variety of authentic and inexpensive food options.)), DayItinerary(day=null, morning=Activity(time=9:00 AM - 12:00 PM, description=Day trip to the Blue Mountains (via public transport: train from Sydney Central Station).  Explore the town of Katoomba and take in the views of the Three Sisters., estimated_cost=30.00, notes=Train tickets are reasonable. Pack lunch and snacks to save money.  Consider a short walk or viewpoint visit.), afternoon=Activity(time=1:00 PM - 4:00 PM, description=Continue exploring the Blue Mountains.  Visit Echo Point for iconic views of the Three Sisters. Consider a short bushwalk to a nearby waterfall if time and energy permit., estimated_cost=10.00, notes=Focus on free viewpoints and short walks. Avoid paid attractions like the scenic railway or skyway to stay within budget.), evening=Activity(time=6:00 PM - 9:00 PM, description=Return to Sydney. Have a simple dinner at a local cafe or grab takeaway food to enjoy back at your accommodation., estimated_cost=35.00, notes=Save money by having a relaxed dinner in.  Explore local cafes for affordable meals.)), DayItinerary(day=null, morning=Activity(time=9:30 AM - 12:00 PM, description=Visit Bondi Beach. Take a bus or train to Bondi Junction and then a bus to the beach.  Enjoy the vibrant atmosphere and maybe a quick dip., estimated_cost=15.00, notes=Transport costs to Bondi are minimal.  Enjoy the free beach experience.), afternoon=Activity(time=1:00 PM - 3:00 PM, description=Walk the Bondi to Coogee coastal walk (or a portion of it).  Enjoy stunning ocean views and picturesque bays., estimated_cost=0.00, notes=This is a free and incredibly scenic walk.), evening=Activity(time=4:00 PM - 7:00 PM, description=Depart from Sydney Airport (SYD).  Allow ample time for travel and check-in., estimated_cost=30.00, notes=Airport transfer costs.))]
2025-11-13T10:54:04.486+05:30  INFO 24286 --- [destination-service] [rap-executor-%d] c.n.d.s.r.aws.ConfigClusterResolver      : Resolving eureka endpoints via configuration
Parsed Itinerary: [DayItinerary(day=1, morning=Activity(time=09:00 - 12:00, description=Arrive at Dubai International Airport (DXB), check into budget-friendly hotel in Deira or Bur Dubai. Relax and freshen up., estimated_cost=100.00 (Taxi/Metro from airport + initial accommodation deposit), notes=Consider booking accommodation with free airport shuttle if available.), afternoon=Activity(time=13:00 - 17:00, description=Explore the historic Al Fahidi Historical Neighbourhood (Old Dubai), wander through its narrow alleyways, visit the Dubai Museum, and cross the Dubai Creek on a traditional abra boat., estimated_cost=15.00 (Abra ride, museum entrance), notes=Wear comfortable shoes. Plenty of photo opportunities.), evening=Activity(time=18:30 - 21:30, description=Dinner at a local Indian or Pakistani restaurant in the Deira Gold Souk area for authentic and affordable cuisine. Explore the vibrant Gold Souk and Spice Souk., estimated_cost=40.00 (Dinner for two), notes=Bargaining is expected in the souks, but be respectful. Enjoy the sensory experience!)), DayItinerary(day=2, morning=Activity(time=09:30 - 12:30, description=Visit the iconic Burj Khalifa. Pre-book tickets online to save time and potentially money. Ascend to the observation decks for breathtaking panoramic views of Dubai., estimated_cost=100.00 (Burj Khalifa tickets for two, basic access), notes=Book tickets for the earliest possible slot to avoid crowds and for better visibility. Dress code is smart casual.), afternoon=Activity(time=13:30 - 17:00, description=Explore The Dubai Mall. Enjoy window shopping, visit the Dubai Aquarium & Underwater Zoo (external viewing is free), and have a budget-friendly lunch at the food court., estimated_cost=50.00 (Lunch for two at food court), notes=The mall is huge! Plan your route to avoid getting lost. Consider bringing snacks.), evening=Activity(time=18:30 - 21:00, description=Witness the spectacular Dubai Fountain show in front of the Burj Khalifa. Afterwards, enjoy a casual dinner at a restaurant in the Downtown Dubai area with a view of the fountains (opt for a more affordable eatery or food truck if available)., estimated_cost=60.00 (Dinner for two), notes=Fountain shows are frequent. Find a good spot early. Research affordable dining options beforehand.)), DayItinerary(day=3, morning=Activity(time=09:00 - 13:00, description=Full-day desert safari trip. This typically includes hotel pick-up, dune bashing in a 4x4, camel riding, sandboarding, and a visit to a Bedouin-style camp with traditional entertainment and a buffet dinner., estimated_cost=150.00 (Desert safari package for two), notes=Book through a reputable tour operator. Wear comfortable, light clothing. Bring sunglasses and sunscreen.), afternoon=Activity(time=13:00 - 17:00, description=Continue enjoying the desert safari activities. Enjoy the unique desert landscape and the thrilling rides., estimated_cost=Included in desert safari package., notes=Stay hydrated. This is an all-encompassing experience.), evening=Activity(time=18:00 onwards, description=Return to the hotel after the desert safari. Have a light, late dinner or snacks at the hotel or a nearby convenience store if feeling tired., estimated_cost=20.00 (Snacks/Light dinner), notes=The desert safari is usually exhausting, so a relaxed evening is recommended.)), DayItinerary(day=4, morning=Activity(time=10:00 - 13:00, description=Visit the Jumeirah Mosque, one of the few mosques open to non-Muslims. Take a guided tour to learn about Islamic culture and traditions. Afterwards, relax at Jumeirah Public Beach., estimated_cost=20.00 (Mosque tour fee), notes=Modest dress is required for the mosque tour (shoulders and knees covered). The beach is free to access.), afternoon=Activity(time=14:00 - 17:30, description=Explore the Souk Madinat Jumeirah, a vibrant marketplace with traditional Arabian architecture, boutique shops, and waterfront views. Have lunch at one of the more casual eateries within the souk., estimated_cost=50.00 (Lunch for two), notes=Enjoy the charming atmosphere and the views of the Burj Al Arab from a distance.), evening=Activity(time=19:00 - 22:00, description=Enjoy a budget-friendly dinner in the Al Karama district, known for its diverse range of affordable eateries offering cuisines from around the world. Explore the vibrant street art and local shops., estimated_cost=40.00 (Dinner for two), notes=Karama is a great place for authentic and cheap eats. Look for local recommendations.)), DayItinerary(day=5, morning=Activity(time=09:00 - 12:00, description=Visit the Miracle Garden (seasonal - typically open from November to May). Marvel at the stunning displays of flowers and intricate floral designs. Alternatively, explore the Global Village (seasonal)., estimated_cost=40.00 (Miracle Garden entrance for two + transport), notes=Check the opening dates for Miracle Garden or Global Village. Transport might be via public bus or a shared taxi to save costs.), afternoon=Activity(time=13:00 - 16:00, description=Enjoy a final, relaxed lunch at a local cafe. Do some last-minute souvenir shopping in Deira or Bur Dubai, focusing on affordable trinkets., estimated_cost=30.00 (Lunch for two + souvenirs), notes=Focus on practical souvenirs or items you truly like.), evening=Activity(time=17:00 onwards, description=Head to Dubai International Airport (DXB) for your departure. Allow ample time for check-in and security., estimated_cost=20.00 (Taxi/Metro to airport), notes=Reflect on your amazing UAE adventure!))]
2025-11-13T10:59:04.487+05:30  INFO 24286 --- [destination-service] [rap-executor-%d] c.n.d.s.r.aws.ConfigClusterResolver      : Resolving eureka endpoints via configuration
2025-11-13T11:04:04.488+05:30  INFO 24286 --- [destination-service] [rap-executor-%d] c.n.d.s.r.aws.ConfigClusterResolver      : Resolving eureka endpoints via configuration
