[INFO] Scanning for projects...
[INFO] 
[INFO] ---------------------< com.dds:itinerary-service >----------------------
[INFO] Building itinerary-service 0.0.1-SNAPSHOT
[INFO]   from pom.xml
[INFO] --------------------------------[ jar ]---------------------------------
[INFO] 
[INFO] >>> spring-boot:3.5.7:run (default-cli) > test-compile @ itinerary-service >>>
[INFO] 
[INFO] --- resources:3.3.1:resources (default-resources) @ itinerary-service ---
[INFO] Copying 1 resource from src/main/resources to target/classes
[INFO] Copying 0 resource from src/main/resources to target/classes
[INFO] 
[INFO] --- compiler:3.14.1:compile (default-compile) @ itinerary-service ---
[INFO] Nothing to compile - all classes are up to date.
[INFO] 
[INFO] --- resources:3.3.1:testResources (default-testResources) @ itinerary-service ---
[INFO] skip non existing resourceDirectory /home/siddhu/Desktop/Project/ItineraryGenerator-master/itinerary-service/src/test/resources
[INFO] 
[INFO] --- compiler:3.14.1:testCompile (default-testCompile) @ itinerary-service ---
[INFO] Nothing to compile - all classes are up to date.
[INFO] 
[INFO] <<< spring-boot:3.5.7:run (default-cli) < test-compile @ itinerary-service <<<
[INFO] 
[INFO] 
[INFO] --- spring-boot:3.5.7:run (default-cli) @ itinerary-service ---
[INFO] Attaching agents: []

  .   ____          _            __ _ _
 /\\ / ___'_ __ _ _(_)_ __  __ _ \ \ \ \
( ( )\___ | '_ | '_| | '_ \/ _` | \ \ \ \
 \\/  ___)| |_)| | | | | || (_| |  ) ) ) )
  '  |____| .__|_| |_|_| |_\__, | / / / /
 =========|_|==============|___/=/_/_/_/

 :: Spring Boot ::                (v3.5.7)

2025-11-13T10:13:56.997+05:30  INFO 24241 --- [ITINERARY-SERVICE] [           main] com.dds.ItineraryServiceApplication      : Starting ItineraryServiceApplication using Java 17.0.16 with PID 24241 (/home/siddhu/Desktop/Project/ItineraryGenerator-master/itinerary-service/target/classes started by siddhu in /home/siddhu/Desktop/Project/ItineraryGenerator-master/itinerary-service)
2025-11-13T10:13:57.005+05:30  INFO 24241 --- [ITINERARY-SERVICE] [           main] com.dds.ItineraryServiceApplication      : No active profile set, falling back to 1 default profile: "default"
2025-11-13T10:13:58.519+05:30  INFO 24241 --- [ITINERARY-SERVICE] [           main] .s.d.r.c.RepositoryConfigurationDelegate : Bootstrapping Spring Data JPA repositories in DEFAULT mode.
2025-11-13T10:13:58.764+05:30  INFO 24241 --- [ITINERARY-SERVICE] [           main] .s.d.r.c.RepositoryConfigurationDelegate : Finished Spring Data repository scanning in 228 ms. Found 1 JPA repository interface.
2025-11-13T10:13:59.109+05:30  INFO 24241 --- [ITINERARY-SERVICE] [           main] o.s.cloud.context.scope.GenericScope     : BeanFactory id=dc9fd000-6222-325f-ab61-b939cb4bc4ec
2025-11-13T10:13:59.634+05:30  INFO 24241 --- [ITINERARY-SERVICE] [           main] o.s.b.w.embedded.tomcat.TomcatWebServer  : Tomcat initialized with port 8083 (http)
2025-11-13T10:13:59.653+05:30  INFO 24241 --- [ITINERARY-SERVICE] [           main] o.apache.catalina.core.StandardService   : Starting service [Tomcat]
2025-11-13T10:13:59.653+05:30  INFO 24241 --- [ITINERARY-SERVICE] [           main] o.apache.catalina.core.StandardEngine    : Starting Servlet engine: [Apache Tomcat/10.1.48]
2025-11-13T10:13:59.751+05:30  INFO 24241 --- [ITINERARY-SERVICE] [           main] o.a.c.c.C.[Tomcat].[localhost].[/]       : Initializing Spring embedded WebApplicationContext
2025-11-13T10:13:59.753+05:30  INFO 24241 --- [ITINERARY-SERVICE] [           main] w.s.c.ServletWebServerApplicationContext : Root WebApplicationContext: initialization completed in 2571 ms
2025-11-13T10:14:00.038+05:30  INFO 24241 --- [ITINERARY-SERVICE] [           main] o.hibernate.jpa.internal.util.LogHelper  : HHH000204: Processing PersistenceUnitInfo [name: default]
2025-11-13T10:14:00.108+05:30  INFO 24241 --- [ITINERARY-SERVICE] [           main] org.hibernate.Version                    : HHH000412: Hibernate ORM core version 6.6.33.Final
2025-11-13T10:14:00.149+05:30  INFO 24241 --- [ITINERARY-SERVICE] [           main] o.h.c.internal.RegionFactoryInitiator    : HHH000026: Second-level cache disabled
2025-11-13T10:14:00.624+05:30  INFO 24241 --- [ITINERARY-SERVICE] [           main] o.s.o.j.p.SpringPersistenceUnitInfo      : No LoadTimeWeaver setup: ignoring JPA class transformer
2025-11-13T10:14:00.693+05:30  INFO 24241 --- [ITINERARY-SERVICE] [           main] com.zaxxer.hikari.HikariDataSource       : HikariPool-1 - Starting...
2025-11-13T10:14:01.136+05:30  INFO 24241 --- [ITINERARY-SERVICE] [           main] com.zaxxer.hikari.pool.HikariPool        : HikariPool-1 - Added connection org.postgresql.jdbc.PgConnection@1b19712f
2025-11-13T10:14:01.137+05:30  INFO 24241 --- [ITINERARY-SERVICE] [           main] com.zaxxer.hikari.HikariDataSource       : HikariPool-1 - Start completed.
2025-11-13T10:14:01.180+05:30  WARN 24241 --- [ITINERARY-SERVICE] [           main] org.hibernate.orm.deprecation            : HHH90000025: PostgreSQLDialect does not need to be specified explicitly using 'hibernate.dialect' (remove the property setting and it will be selected by default)
2025-11-13T10:14:01.208+05:30  INFO 24241 --- [ITINERARY-SERVICE] [           main] org.hibernate.orm.connections.pooling    : HHH10001005: Database info:
	Database JDBC URL [Connecting through datasource 'HikariDataSource (HikariPool-1)']
	Database driver: undefined/unknown
	Database version: 14.19
	Autocommit mode: undefined/unknown
	Isolation level: undefined/unknown
	Minimum pool size: undefined/unknown
	Maximum pool size: undefined/unknown
2025-11-13T10:14:02.367+05:30  INFO 24241 --- [ITINERARY-SERVICE] [           main] o.h.e.t.j.p.i.JtaPlatformInitiator       : HHH000489: No JTA platform available (set 'hibernate.transaction.jta.platform' to enable JTA platform integration)
2025-11-13T10:14:02.444+05:30  INFO 24241 --- [ITINERARY-SERVICE] [           main] j.LocalContainerEntityManagerFactoryBean : Initialized JPA EntityManagerFactory for persistence unit 'default'
2025-11-13T10:14:02.991+05:30  WARN 24241 --- [ITINERARY-SERVICE] [           main] JpaBaseConfiguration$JpaWebConfiguration : spring.jpa.open-in-view is enabled by default. Therefore, database queries may be performed during view rendering. Explicitly configure spring.jpa.open-in-view to disable this warning
2025-11-13T10:14:03.211+05:30  INFO 24241 --- [ITINERARY-SERVICE] [           main] o.s.c.openfeign.FeignClientFactoryBean   : For 'PAYMENT-SERVICE' URL not provided. Will try picking an instance via load-balancing.
2025-11-13T10:14:03.934+05:30  INFO 24241 --- [ITINERARY-SERVICE] [           main] DiscoveryClientOptionalArgsConfiguration : Eureka HTTP Client uses RestTemplate.
2025-11-13T10:14:03.982+05:30  WARN 24241 --- [ITINERARY-SERVICE] [           main] iguration$LoadBalancerCaffeineWarnLogger : Spring Cloud LoadBalancer is currently working with the default cache. While this cache implementation is useful for development and tests, it's recommended to use Caffeine cache in production.You can switch to using Caffeine cache, by adding it and org.springframework.cache.caffeine.CaffeineCacheManager to the classpath.
2025-11-13T10:14:04.029+05:30  INFO 24241 --- [ITINERARY-SERVICE] [           main] o.s.c.n.eureka.InstanceInfoFactory       : Setting initial instance status as: STARTING
2025-11-13T10:14:04.062+05:30  INFO 24241 --- [ITINERARY-SERVICE] [           main] com.netflix.discovery.DiscoveryClient    : Initializing Eureka in region us-east-1
2025-11-13T10:14:04.066+05:30  INFO 24241 --- [ITINERARY-SERVICE] [           main] c.n.d.s.r.aws.ConfigClusterResolver      : Resolving eureka endpoints via configuration
2025-11-13T10:14:04.078+05:30  INFO 24241 --- [ITINERARY-SERVICE] [           main] com.netflix.discovery.DiscoveryClient    : Disable delta property : false
2025-11-13T10:14:04.078+05:30  INFO 24241 --- [ITINERARY-SERVICE] [           main] com.netflix.discovery.DiscoveryClient    : Single vip registry refresh property : null
2025-11-13T10:14:04.078+05:30  INFO 24241 --- [ITINERARY-SERVICE] [           main] com.netflix.discovery.DiscoveryClient    : Force full registry fetch : false
2025-11-13T10:14:04.078+05:30  INFO 24241 --- [ITINERARY-SERVICE] [           main] com.netflix.discovery.DiscoveryClient    : Application is null : false
2025-11-13T10:14:04.078+05:30  INFO 24241 --- [ITINERARY-SERVICE] [           main] com.netflix.discovery.DiscoveryClient    : Registered Applications size is zero : true
2025-11-13T10:14:04.079+05:30  INFO 24241 --- [ITINERARY-SERVICE] [           main] com.netflix.discovery.DiscoveryClient    : Application version is -1: true
2025-11-13T10:14:04.079+05:30  INFO 24241 --- [ITINERARY-SERVICE] [           main] com.netflix.discovery.DiscoveryClient    : Getting all instance registry info from the eureka server
2025-11-13T10:14:04.599+05:30  INFO 24241 --- [ITINERARY-SERVICE] [           main] com.netflix.discovery.DiscoveryClient    : The response status is 200
2025-11-13T10:14:04.601+05:30  INFO 24241 --- [ITINERARY-SERVICE] [           main] com.netflix.discovery.DiscoveryClient    : Starting heartbeat executor: renew interval is: 30
2025-11-13T10:14:04.603+05:30  INFO 24241 --- [ITINERARY-SERVICE] [           main] c.n.discovery.InstanceInfoReplicator     : InstanceInfoReplicator onDemand update allowed rate per min is 4
2025-11-13T10:14:04.605+05:30  INFO 24241 --- [ITINERARY-SERVICE] [           main] com.netflix.discovery.DiscoveryClient    : Discovery Client initialized at timestamp 1763009044605 with initial instances count: 1
2025-11-13T10:14:04.610+05:30  INFO 24241 --- [ITINERARY-SERVICE] [           main] o.s.c.n.e.s.EurekaServiceRegistry        : Registering application ITINERARY-SERVICE with eureka with status UP
2025-11-13T10:14:04.610+05:30  INFO 24241 --- [ITINERARY-SERVICE] [           main] com.netflix.discovery.DiscoveryClient    : Saw local status change event StatusChangeEvent [timestamp=1763009044610, current=UP, previous=STARTING]
2025-11-13T10:14:04.612+05:30  INFO 24241 --- [ITINERARY-SERVICE] [foReplicator-%d] com.netflix.discovery.DiscoveryClient    : DiscoveryClient_ITINERARY-SERVICE/10.53.172.95:ITINERARY-SERVICE:8083: registering service...
2025-11-13T10:14:04.650+05:30  INFO 24241 --- [ITINERARY-SERVICE] [           main] o.s.b.w.embedded.tomcat.TomcatWebServer  : Tomcat started on port 8083 (http) with context path '/'
2025-11-13T10:14:04.652+05:30  INFO 24241 --- [ITINERARY-SERVICE] [           main] .s.c.n.e.s.EurekaAutoServiceRegistration : Updating port to 8083
2025-11-13T10:14:04.681+05:30  INFO 24241 --- [ITINERARY-SERVICE] [           main] com.dds.ItineraryServiceApplication      : Started ItineraryServiceApplication in 8.622 seconds (process running for 9.922)
2025-11-13T10:14:04.718+05:30  INFO 24241 --- [ITINERARY-SERVICE] [foReplicator-%d] com.netflix.discovery.DiscoveryClient    : DiscoveryClient_ITINERARY-SERVICE/10.53.172.95:ITINERARY-SERVICE:8083 - registration status: 204
2025-11-13T10:19:04.081+05:30  INFO 24241 --- [ITINERARY-SERVICE] [rap-executor-%d] c.n.d.s.r.aws.ConfigClusterResolver      : Resolving eureka endpoints via configuration
2025-11-13T10:20:45.641+05:30  INFO 24241 --- [ITINERARY-SERVICE] [nio-8083-exec-1] o.a.c.c.C.[Tomcat].[localhost].[/]       : Initializing Spring DispatcherServlet 'dispatcherServlet'
2025-11-13T10:20:45.641+05:30  INFO 24241 --- [ITINERARY-SERVICE] [nio-8083-exec-1] o.s.web.servlet.DispatcherServlet        : Initializing Servlet 'dispatcherServlet'
2025-11-13T10:20:45.642+05:30  INFO 24241 --- [ITINERARY-SERVICE] [nio-8083-exec-1] o.s.web.servlet.DispatcherServlet        : Completed initialization in 1 ms
2025-11-13T10:24:04.083+05:30  INFO 24241 --- [ITINERARY-SERVICE] [rap-executor-%d] c.n.d.s.r.aws.ConfigClusterResolver      : Resolving eureka endpoints via configuration
2025-11-13T10:29:04.083+05:30  INFO 24241 --- [ITINERARY-SERVICE] [rap-executor-%d] c.n.d.s.r.aws.ConfigClusterResolver      : Resolving eureka endpoints via configuration
2025-11-13T10:34:04.084+05:30  INFO 24241 --- [ITINERARY-SERVICE] [rap-executor-%d] c.n.d.s.r.aws.ConfigClusterResolver      : Resolving eureka endpoints via configuration
2025-11-13T10:39:04.086+05:30  INFO 24241 --- [ITINERARY-SERVICE] [rap-executor-%d] c.n.d.s.r.aws.ConfigClusterResolver      : Resolving eureka endpoints via configuration
2025-11-13T10:44:04.087+05:30  INFO 24241 --- [ITINERARY-SERVICE] [rap-executor-%d] c.n.d.s.r.aws.ConfigClusterResolver      : Resolving eureka endpoints via configuration
2025-11-13T10:49:04.087+05:30  INFO 24241 --- [ITINERARY-SERVICE] [rap-executor-%d] c.n.d.s.r.aws.ConfigClusterResolver      : Resolving eureka endpoints via configuration
2025-11-13T10:54:04.088+05:30  INFO 24241 --- [ITINERARY-SERVICE] [rap-executor-%d] c.n.d.s.r.aws.ConfigClusterResolver      : Resolving eureka endpoints via configuration
2025-11-13T10:59:04.090+05:30  INFO 24241 --- [ITINERARY-SERVICE] [rap-executor-%d] c.n.d.s.r.aws.ConfigClusterResolver      : Resolving eureka endpoints via configuration
2025-11-13T11:04:04.091+05:30  INFO 24241 --- [ITINERARY-SERVICE] [rap-executor-%d] c.n.d.s.r.aws.ConfigClusterResolver      : Resolving eureka endpoints via configuration
