[INFO] Scanning for projects...
[INFO] 
[INFO] ----------------------< com.dds:payment-service >-----------------------
[INFO] Building payment-service 0.0.1-SNAPSHOT
[INFO]   from pom.xml
[INFO] --------------------------------[ jar ]---------------------------------
[INFO] 
[INFO] >>> spring-boot:3.5.7:run (default-cli) > test-compile @ payment-service >>>
[INFO] 
[INFO] --- resources:3.3.1:resources (default-resources) @ payment-service ---
[INFO] Copying 1 resource from src/main/resources to target/classes
[INFO] Copying 0 resource from src/main/resources to target/classes
[INFO] 
[INFO] --- compiler:3.14.1:compile (default-compile) @ payment-service ---
[INFO] Nothing to compile - all classes are up to date.
[INFO] 
[INFO] --- resources:3.3.1:testResources (default-testResources) @ payment-service ---
[INFO] skip non existing resourceDirectory /home/siddhu/Desktop/Project/ItineraryGenerator-master/payment-service/src/test/resources
[INFO] 
[INFO] --- compiler:3.14.1:testCompile (default-testCompile) @ payment-service ---
[INFO] Nothing to compile - all classes are up to date.
[INFO] 
[INFO] <<< spring-boot:3.5.7:run (default-cli) < test-compile @ payment-service <<<
[INFO] 
[INFO] 
[INFO] --- spring-boot:3.5.7:run (default-cli) @ payment-service ---
[INFO] Attaching agents: []

  .   ____          _            __ _ _
 /\\ / ___'_ __ _ _(_)_ __  __ _ \ \ \ \
( ( )\___ | '_ | '_| | '_ \/ _` | \ \ \ \
 \\/  ___)| |_)| | | | | || (_| |  ) ) ) )
  '  |____| .__|_| |_|_| |_\__, | / / / /
 =========|_|==============|___/=/_/_/_/

 :: Spring Boot ::                (v3.5.7)

2025-11-13T10:13:56.750+05:30  INFO 24177 --- [PAYMENT-SERVICE] [           main] c.d.p.PaymentServiceApplication          : Starting PaymentServiceApplication using Java 17.0.16 with PID 24177 (/home/siddhu/Desktop/Project/ItineraryGenerator-master/payment-service/target/classes started by siddhu in /home/siddhu/Desktop/Project/ItineraryGenerator-master/payment-service)
2025-11-13T10:13:56.754+05:30  INFO 24177 --- [PAYMENT-SERVICE] [           main] c.d.p.PaymentServiceApplication          : No active profile set, falling back to 1 default profile: "default"
2025-11-13T10:13:58.478+05:30  INFO 24177 --- [PAYMENT-SERVICE] [           main] .s.d.r.c.RepositoryConfigurationDelegate : Bootstrapping Spring Data JPA repositories in DEFAULT mode.
2025-11-13T10:13:58.754+05:30  INFO 24177 --- [PAYMENT-SERVICE] [           main] .s.d.r.c.RepositoryConfigurationDelegate : Finished Spring Data repository scanning in 264 ms. Found 1 JPA repository interface.
2025-11-13T10:13:59.047+05:30  INFO 24177 --- [PAYMENT-SERVICE] [           main] o.s.cloud.context.scope.GenericScope     : BeanFactory id=d8970f9e-9ccc-3b54-9e8d-9b38c49852ec
2025-11-13T10:13:59.608+05:30  INFO 24177 --- [PAYMENT-SERVICE] [           main] o.s.b.w.embedded.tomcat.TomcatWebServer  : Tomcat initialized with port 8082 (http)
2025-11-13T10:13:59.632+05:30  INFO 24177 --- [PAYMENT-SERVICE] [           main] o.apache.catalina.core.StandardService   : Starting service [Tomcat]
2025-11-13T10:13:59.634+05:30  INFO 24177 --- [PAYMENT-SERVICE] [           main] o.apache.catalina.core.StandardEngine    : Starting Servlet engine: [Apache Tomcat/10.1.48]
2025-11-13T10:13:59.742+05:30  INFO 24177 --- [PAYMENT-SERVICE] [           main] o.a.c.c.C.[Tomcat].[localhost].[/]       : Initializing Spring embedded WebApplicationContext
2025-11-13T10:13:59.744+05:30  INFO 24177 --- [PAYMENT-SERVICE] [           main] w.s.c.ServletWebServerApplicationContext : Root WebApplicationContext: initialization completed in 2844 ms
2025-11-13T10:14:00.030+05:30  INFO 24177 --- [PAYMENT-SERVICE] [           main] o.hibernate.jpa.internal.util.LogHelper  : HHH000204: Processing PersistenceUnitInfo [name: default]
2025-11-13T10:14:00.108+05:30  INFO 24177 --- [PAYMENT-SERVICE] [           main] org.hibernate.Version                    : HHH000412: Hibernate ORM core version 6.6.33.Final
2025-11-13T10:14:00.149+05:30  INFO 24177 --- [PAYMENT-SERVICE] [           main] o.h.c.internal.RegionFactoryInitiator    : HHH000026: Second-level cache disabled
2025-11-13T10:14:00.620+05:30  INFO 24177 --- [PAYMENT-SERVICE] [           main] o.s.o.j.p.SpringPersistenceUnitInfo      : No LoadTimeWeaver setup: ignoring JPA class transformer
2025-11-13T10:14:00.704+05:30  INFO 24177 --- [PAYMENT-SERVICE] [           main] com.zaxxer.hikari.HikariDataSource       : HikariPool-1 - Starting...
2025-11-13T10:14:01.155+05:30  INFO 24177 --- [PAYMENT-SERVICE] [           main] com.zaxxer.hikari.pool.HikariPool        : HikariPool-1 - Added connection org.postgresql.jdbc.PgConnection@1c58d7be
2025-11-13T10:14:01.157+05:30  INFO 24177 --- [PAYMENT-SERVICE] [           main] com.zaxxer.hikari.HikariDataSource       : HikariPool-1 - Start completed.
2025-11-13T10:14:01.197+05:30  WARN 24177 --- [PAYMENT-SERVICE] [           main] org.hibernate.orm.deprecation            : HHH90000025: PostgreSQLDialect does not need to be specified explicitly using 'hibernate.dialect' (remove the property setting and it will be selected by default)
2025-11-13T10:14:01.229+05:30  INFO 24177 --- [PAYMENT-SERVICE] [           main] org.hibernate.orm.connections.pooling    : HHH10001005: Database info:
	Database JDBC URL [Connecting through datasource 'HikariDataSource (HikariPool-1)']
	Database driver: undefined/unknown
	Database version: 14.19
	Autocommit mode: undefined/unknown
	Isolation level: undefined/unknown
	Minimum pool size: undefined/unknown
	Maximum pool size: undefined/unknown
2025-11-13T10:14:02.374+05:30  INFO 24177 --- [PAYMENT-SERVICE] [           main] o.h.e.t.j.p.i.JtaPlatformInitiator       : HHH000489: No JTA platform available (set 'hibernate.transaction.jta.platform' to enable JTA platform integration)
2025-11-13T10:14:02.441+05:30  INFO 24177 --- [PAYMENT-SERVICE] [           main] j.LocalContainerEntityManagerFactoryBean : Initialized JPA EntityManagerFactory for persistence unit 'default'
2025-11-13T10:14:02.924+05:30  WARN 24177 --- [PAYMENT-SERVICE] [           main] JpaBaseConfiguration$JpaWebConfiguration : spring.jpa.open-in-view is enabled by default. Therefore, database queries may be performed during view rendering. Explicitly configure spring.jpa.open-in-view to disable this warning
2025-11-13T10:14:04.228+05:30  INFO 24177 --- [PAYMENT-SERVICE] [           main] DiscoveryClientOptionalArgsConfiguration : Eureka HTTP Client uses RestTemplate.
2025-11-13T10:14:04.281+05:30  WARN 24177 --- [PAYMENT-SERVICE] [           main] iguration$LoadBalancerCaffeineWarnLogger : Spring Cloud LoadBalancer is currently working with the default cache. While this cache implementation is useful for development and tests, it's recommended to use Caffeine cache in production.You can switch to using Caffeine cache, by adding it and org.springframework.cache.caffeine.CaffeineCacheManager to the classpath.
2025-11-13T10:14:04.306+05:30  INFO 24177 --- [PAYMENT-SERVICE] [           main] o.s.c.n.eureka.InstanceInfoFactory       : Setting initial instance status as: STARTING
2025-11-13T10:14:04.336+05:30  INFO 24177 --- [PAYMENT-SERVICE] [           main] com.netflix.discovery.DiscoveryClient    : Initializing Eureka in region us-east-1
2025-11-13T10:14:04.341+05:30  INFO 24177 --- [PAYMENT-SERVICE] [           main] c.n.d.s.r.aws.ConfigClusterResolver      : Resolving eureka endpoints via configuration
2025-11-13T10:14:04.351+05:30  INFO 24177 --- [PAYMENT-SERVICE] [           main] com.netflix.discovery.DiscoveryClient    : Disable delta property : false
2025-11-13T10:14:04.352+05:30  INFO 24177 --- [PAYMENT-SERVICE] [           main] com.netflix.discovery.DiscoveryClient    : Single vip registry refresh property : null
2025-11-13T10:14:04.352+05:30  INFO 24177 --- [PAYMENT-SERVICE] [           main] com.netflix.discovery.DiscoveryClient    : Force full registry fetch : false
2025-11-13T10:14:04.352+05:30  INFO 24177 --- [PAYMENT-SERVICE] [           main] com.netflix.discovery.DiscoveryClient    : Application is null : false
2025-11-13T10:14:04.352+05:30  INFO 24177 --- [PAYMENT-SERVICE] [           main] com.netflix.discovery.DiscoveryClient    : Registered Applications size is zero : true
2025-11-13T10:14:04.352+05:30  INFO 24177 --- [PAYMENT-SERVICE] [           main] com.netflix.discovery.DiscoveryClient    : Application version is -1: true
2025-11-13T10:14:04.352+05:30  INFO 24177 --- [PAYMENT-SERVICE] [           main] com.netflix.discovery.DiscoveryClient    : Getting all instance registry info from the eureka server
2025-11-13T10:14:04.822+05:30  INFO 24177 --- [PAYMENT-SERVICE] [           main] com.netflix.discovery.DiscoveryClient    : The response status is 200
2025-11-13T10:14:04.824+05:30  INFO 24177 --- [PAYMENT-SERVICE] [           main] com.netflix.discovery.DiscoveryClient    : Starting heartbeat executor: renew interval is: 30
2025-11-13T10:14:04.826+05:30  INFO 24177 --- [PAYMENT-SERVICE] [           main] c.n.discovery.InstanceInfoReplicator     : InstanceInfoReplicator onDemand update allowed rate per min is 4
2025-11-13T10:14:04.828+05:30  INFO 24177 --- [PAYMENT-SERVICE] [           main] com.netflix.discovery.DiscoveryClient    : Discovery Client initialized at timestamp 1763009044828 with initial instances count: 1
2025-11-13T10:14:04.832+05:30  INFO 24177 --- [PAYMENT-SERVICE] [           main] o.s.c.n.e.s.EurekaServiceRegistry        : Registering application PAYMENT-SERVICE with eureka with status UP
2025-11-13T10:14:04.833+05:30  INFO 24177 --- [PAYMENT-SERVICE] [           main] com.netflix.discovery.DiscoveryClient    : Saw local status change event StatusChangeEvent [timestamp=1763009044833, current=UP, previous=STARTING]
2025-11-13T10:14:04.834+05:30  INFO 24177 --- [PAYMENT-SERVICE] [foReplicator-%d] com.netflix.discovery.DiscoveryClient    : DiscoveryClient_PAYMENT-SERVICE/10.53.172.95:PAYMENT-SERVICE:8082: registering service...
2025-11-13T10:14:04.852+05:30  INFO 24177 --- [PAYMENT-SERVICE] [           main] o.s.b.w.embedded.tomcat.TomcatWebServer  : Tomcat started on port 8082 (http) with context path '/'
2025-11-13T10:14:04.853+05:30  INFO 24177 --- [PAYMENT-SERVICE] [           main] .s.c.n.e.s.EurekaAutoServiceRegistration : Updating port to 8082
2025-11-13T10:14:04.879+05:30  INFO 24177 --- [PAYMENT-SERVICE] [           main] c.d.p.PaymentServiceApplication          : Started PaymentServiceApplication in 9.055 seconds (process running for 11.122)
2025-11-13T10:14:04.880+05:30  INFO 24177 --- [PAYMENT-SERVICE] [foReplicator-%d] com.netflix.discovery.DiscoveryClient    : DiscoveryClient_PAYMENT-SERVICE/10.53.172.95:PAYMENT-SERVICE:8082 - registration status: 204
2025-11-13T10:19:04.354+05:30  INFO 24177 --- [PAYMENT-SERVICE] [rap-executor-%d] c.n.d.s.r.aws.ConfigClusterResolver      : Resolving eureka endpoints via configuration
2025-11-13T10:20:45.800+05:30  INFO 24177 --- [PAYMENT-SERVICE] [nio-8082-exec-1] o.a.c.c.C.[Tomcat].[localhost].[/]       : Initializing Spring DispatcherServlet 'dispatcherServlet'
2025-11-13T10:20:45.800+05:30  INFO 24177 --- [PAYMENT-SERVICE] [nio-8082-exec-1] o.s.web.servlet.DispatcherServlet        : Initializing Servlet 'dispatcherServlet'
2025-11-13T10:20:45.801+05:30  INFO 24177 --- [PAYMENT-SERVICE] [nio-8082-exec-1] o.s.web.servlet.DispatcherServlet        : Completed initialization in 1 ms
2025-11-13T10:24:04.356+05:30  INFO 24177 --- [PAYMENT-SERVICE] [rap-executor-%d] c.n.d.s.r.aws.ConfigClusterResolver      : Resolving eureka endpoints via configuration
2025-11-13T10:29:04.357+05:30  INFO 24177 --- [PAYMENT-SERVICE] [rap-executor-%d] c.n.d.s.r.aws.ConfigClusterResolver      : Resolving eureka endpoints via configuration
2025-11-13T10:34:04.358+05:30  INFO 24177 --- [PAYMENT-SERVICE] [rap-executor-%d] c.n.d.s.r.aws.ConfigClusterResolver      : Resolving eureka endpoints via configuration
2025-11-13T10:39:04.360+05:30  INFO 24177 --- [PAYMENT-SERVICE] [rap-executor-%d] c.n.d.s.r.aws.ConfigClusterResolver      : Resolving eureka endpoints via configuration
2025-11-13T10:44:04.361+05:30  INFO 24177 --- [PAYMENT-SERVICE] [rap-executor-%d] c.n.d.s.r.aws.ConfigClusterResolver      : Resolving eureka endpoints via configuration
2025-11-13T10:49:04.362+05:30  INFO 24177 --- [PAYMENT-SERVICE] [rap-executor-%d] c.n.d.s.r.aws.ConfigClusterResolver      : Resolving eureka endpoints via configuration
2025-11-13T10:54:04.363+05:30  INFO 24177 --- [PAYMENT-SERVICE] [rap-executor-%d] c.n.d.s.r.aws.ConfigClusterResolver      : Resolving eureka endpoints via configuration
2025-11-13T10:59:04.364+05:30  INFO 24177 --- [PAYMENT-SERVICE] [rap-executor-%d] c.n.d.s.r.aws.ConfigClusterResolver      : Resolving eureka endpoints via configuration
2025-11-13T11:04:04.365+05:30  INFO 24177 --- [PAYMENT-SERVICE] [rap-executor-%d] c.n.d.s.r.aws.ConfigClusterResolver      : Resolving eureka endpoints via configuration
