[INFO] Scanning for projects...
[INFO] 
[INFO] ----------------------< com.dds:booking-service >-----------------------
[INFO] Building booking-service 0.0.1-SNAPSHOT
[INFO]   from pom.xml
[INFO] --------------------------------[ jar ]---------------------------------
[INFO] 
[INFO] >>> spring-boot:3.5.7:run (default-cli) > test-compile @ booking-service >>>
[INFO] 
[INFO] --- resources:3.3.1:resources (default-resources) @ booking-service ---
[INFO] Copying 1 resource from src/main/resources to target/classes
[INFO] Copying 0 resource from src/main/resources to target/classes
[INFO] 
[INFO] --- compiler:3.14.1:compile (default-compile) @ booking-service ---
[INFO] Nothing to compile - all classes are up to date.
[INFO] 
[INFO] --- resources:3.3.1:testResources (default-testResources) @ booking-service ---
[INFO] skip non existing resourceDirectory /home/siddhu/Desktop/Project/ItineraryGenerator-master/user-service/src/test/resources
[INFO] 
[INFO] --- compiler:3.14.1:testCompile (default-testCompile) @ booking-service ---
[INFO] Nothing to compile - all classes are up to date.
[INFO] 
[INFO] <<< spring-boot:3.5.7:run (default-cli) < test-compile @ booking-service <<<
[INFO] 
[INFO] 
[INFO] --- spring-boot:3.5.7:run (default-cli) @ booking-service ---
[INFO] Attaching agents: []

  .   ____          _            __ _ _
 /\\ / ___'_ __ _ _(_)_ __  __ _ \ \ \ \
( ( )\___ | '_ | '_| | '_ \/ _` | \ \ \ \
 \\/  ___)| |_)| | | | | || (_| |  ) ) ) )
  '  |____| .__|_| |_|_| |_\__, | / / / /
 =========|_|==============|___/=/_/_/_/

 :: Spring Boot ::                (v3.5.7)

2025-11-13T10:13:56.808+05:30  INFO 24200 --- [user-service] [           main] c.d.userservice.UserServiceApplication   : Starting UserServiceApplication using Java 17.0.16 with PID 24200 (/home/siddhu/Desktop/Project/ItineraryGenerator-master/user-service/target/classes started by siddhu in /home/siddhu/Desktop/Project/ItineraryGenerator-master/user-service)
2025-11-13T10:13:56.812+05:30  INFO 24200 --- [user-service] [           main] c.d.userservice.UserServiceApplication   : No active profile set, falling back to 1 default profile: "default"
2025-11-13T10:13:58.468+05:30  INFO 24200 --- [user-service] [           main] .s.d.r.c.RepositoryConfigurationDelegate : Bootstrapping Spring Data JPA repositories in DEFAULT mode.
2025-11-13T10:13:58.753+05:30  INFO 24200 --- [user-service] [           main] .s.d.r.c.RepositoryConfigurationDelegate : Finished Spring Data repository scanning in 267 ms. Found 1 JPA repository interface.
2025-11-13T10:13:59.237+05:30  INFO 24200 --- [user-service] [           main] o.s.cloud.context.scope.GenericScope     : BeanFactory id=4dba0a85-1e00-33c0-9c8f-3e044424ded5
2025-11-13T10:13:59.758+05:30  INFO 24200 --- [user-service] [           main] o.s.b.w.embedded.tomcat.TomcatWebServer  : Tomcat initialized with port 8084 (http)
2025-11-13T10:13:59.778+05:30  INFO 24200 --- [user-service] [           main] o.apache.catalina.core.StandardService   : Starting service [Tomcat]
2025-11-13T10:13:59.779+05:30  INFO 24200 --- [user-service] [           main] o.apache.catalina.core.StandardEngine    : Starting Servlet engine: [Apache Tomcat/10.1.48]
2025-11-13T10:13:59.883+05:30  INFO 24200 --- [user-service] [           main] o.a.c.c.C.[Tomcat].[localhost].[/]       : Initializing Spring embedded WebApplicationContext
2025-11-13T10:13:59.885+05:30  INFO 24200 --- [user-service] [           main] w.s.c.ServletWebServerApplicationContext : Root WebApplicationContext: initialization completed in 2960 ms
2025-11-13T10:14:00.099+05:30  INFO 24200 --- [user-service] [           main] com.zaxxer.hikari.HikariDataSource       : HikariPool-1 - Starting...
2025-11-13T10:14:00.510+05:30  INFO 24200 --- [user-service] [           main] com.zaxxer.hikari.pool.HikariPool        : HikariPool-1 - Added connection org.postgresql.jdbc.PgConnection@53bb71e5
2025-11-13T10:14:00.511+05:30  INFO 24200 --- [user-service] [           main] com.zaxxer.hikari.HikariDataSource       : HikariPool-1 - Start completed.
2025-11-13T10:14:00.584+05:30  INFO 24200 --- [user-service] [           main] o.hibernate.jpa.internal.util.LogHelper  : HHH000204: Processing PersistenceUnitInfo [name: default]
2025-11-13T10:14:00.650+05:30  INFO 24200 --- [user-service] [           main] org.hibernate.Version                    : HHH000412: Hibernate ORM core version 6.6.33.Final
2025-11-13T10:14:00.698+05:30  INFO 24200 --- [user-service] [           main] o.h.c.internal.RegionFactoryInitiator    : HHH000026: Second-level cache disabled
2025-11-13T10:14:01.045+05:30  INFO 24200 --- [user-service] [           main] o.s.o.j.p.SpringPersistenceUnitInfo      : No LoadTimeWeaver setup: ignoring JPA class transformer
2025-11-13T10:14:01.126+05:30  WARN 24200 --- [user-service] [           main] org.hibernate.orm.deprecation            : HHH90000025: PostgreSQLDialect does not need to be specified explicitly using 'hibernate.dialect' (remove the property setting and it will be selected by default)
2025-11-13T10:14:01.167+05:30  INFO 24200 --- [user-service] [           main] org.hibernate.orm.connections.pooling    : HHH10001005: Database info:
	Database JDBC URL [Connecting through datasource 'HikariDataSource (HikariPool-1)']
	Database driver: undefined/unknown
	Database version: 14.19
	Autocommit mode: undefined/unknown
	Isolation level: undefined/unknown
	Minimum pool size: undefined/unknown
	Maximum pool size: undefined/unknown
2025-11-13T10:14:02.366+05:30  INFO 24200 --- [user-service] [           main] o.h.e.t.j.p.i.JtaPlatformInitiator       : HHH000489: No JTA platform available (set 'hibernate.transaction.jta.platform' to enable JTA platform integration)
2025-11-13T10:14:02.369+05:30  INFO 24200 --- [user-service] [           main] j.LocalContainerEntityManagerFactoryBean : Initialized JPA EntityManagerFactory for persistence unit 'default'
2025-11-13T10:14:02.859+05:30  WARN 24200 --- [user-service] [           main] JpaBaseConfiguration$JpaWebConfiguration : spring.jpa.open-in-view is enabled by default. Therefore, database queries may be performed during view rendering. Explicitly configure spring.jpa.open-in-view to disable this warning
2025-11-13T10:14:02.986+05:30  WARN 24200 --- [user-service] [           main] .s.s.UserDetailsServiceAutoConfiguration : 

Using generated security password: fb14c258-7b70-4154-8f1b-027b2236dbcf

This generated password is for development use only. Your security configuration must be updated before running your application in production.

2025-11-13T10:14:02.998+05:30  INFO 24200 --- [user-service] [           main] r$InitializeUserDetailsManagerConfigurer : Global AuthenticationManager configured with UserDetailsService bean with name inMemoryUserDetailsManager
2025-11-13T10:14:03.978+05:30  INFO 24200 --- [user-service] [           main] DiscoveryClientOptionalArgsConfiguration : Eureka HTTP Client uses RestTemplate.
2025-11-13T10:14:04.039+05:30  WARN 24200 --- [user-service] [           main] iguration$LoadBalancerCaffeineWarnLogger : Spring Cloud LoadBalancer is currently working with the default cache. While this cache implementation is useful for development and tests, it's recommended to use Caffeine cache in production.You can switch to using Caffeine cache, by adding it and org.springframework.cache.caffeine.CaffeineCacheManager to the classpath.
2025-11-13T10:14:04.095+05:30  INFO 24200 --- [user-service] [           main] o.s.c.n.eureka.InstanceInfoFactory       : Setting initial instance status as: STARTING
2025-11-13T10:14:04.122+05:30  INFO 24200 --- [user-service] [           main] com.netflix.discovery.DiscoveryClient    : Initializing Eureka in region us-east-1
2025-11-13T10:14:04.126+05:30  INFO 24200 --- [user-service] [           main] c.n.d.s.r.aws.ConfigClusterResolver      : Resolving eureka endpoints via configuration
2025-11-13T10:14:04.137+05:30  INFO 24200 --- [user-service] [           main] com.netflix.discovery.DiscoveryClient    : Disable delta property : false
2025-11-13T10:14:04.137+05:30  INFO 24200 --- [user-service] [           main] com.netflix.discovery.DiscoveryClient    : Single vip registry refresh property : null
2025-11-13T10:14:04.137+05:30  INFO 24200 --- [user-service] [           main] com.netflix.discovery.DiscoveryClient    : Force full registry fetch : false
2025-11-13T10:14:04.137+05:30  INFO 24200 --- [user-service] [           main] com.netflix.discovery.DiscoveryClient    : Application is null : false
2025-11-13T10:14:04.137+05:30  INFO 24200 --- [user-service] [           main] com.netflix.discovery.DiscoveryClient    : Registered Applications size is zero : true
2025-11-13T10:14:04.137+05:30  INFO 24200 --- [user-service] [           main] com.netflix.discovery.DiscoveryClient    : Application version is -1: true
2025-11-13T10:14:04.137+05:30  INFO 24200 --- [user-service] [           main] com.netflix.discovery.DiscoveryClient    : Getting all instance registry info from the eureka server
2025-11-13T10:14:04.694+05:30  INFO 24200 --- [user-service] [           main] com.netflix.discovery.DiscoveryClient    : The response status is 200
2025-11-13T10:14:04.698+05:30  INFO 24200 --- [user-service] [           main] com.netflix.discovery.DiscoveryClient    : Starting heartbeat executor: renew interval is: 30
2025-11-13T10:14:04.702+05:30  INFO 24200 --- [user-service] [           main] c.n.discovery.InstanceInfoReplicator     : InstanceInfoReplicator onDemand update allowed rate per min is 4
2025-11-13T10:14:04.706+05:30  INFO 24200 --- [user-service] [           main] com.netflix.discovery.DiscoveryClient    : Discovery Client initialized at timestamp 1763009044705 with initial instances count: 1
2025-11-13T10:14:04.712+05:30  INFO 24200 --- [user-service] [           main] o.s.c.n.e.s.EurekaServiceRegistry        : Registering application USER-SERVICE with eureka with status UP
2025-11-13T10:14:04.713+05:30  INFO 24200 --- [user-service] [           main] com.netflix.discovery.DiscoveryClient    : Saw local status change event StatusChangeEvent [timestamp=1763009044713, current=UP, previous=STARTING]
2025-11-13T10:14:04.716+05:30  INFO 24200 --- [user-service] [foReplicator-%d] com.netflix.discovery.DiscoveryClient    : DiscoveryClient_USER-SERVICE/10.53.172.95:user-service:8084: registering service...
2025-11-13T10:14:04.741+05:30  INFO 24200 --- [user-service] [           main] o.s.b.w.embedded.tomcat.TomcatWebServer  : Tomcat started on port 8084 (http) with context path '/'
2025-11-13T10:14:04.742+05:30  INFO 24200 --- [user-service] [           main] .s.c.n.e.s.EurekaAutoServiceRegistration : Updating port to 8084
2025-11-13T10:14:04.776+05:30  INFO 24200 --- [user-service] [           main] c.d.userservice.UserServiceApplication   : Started UserServiceApplication in 8.822 seconds (process running for 10.461)
2025-11-13T10:14:04.781+05:30  INFO 24200 --- [user-service] [foReplicator-%d] com.netflix.discovery.DiscoveryClient    : DiscoveryClient_USER-SERVICE/10.53.172.95:user-service:8084 - registration status: 204
2025-11-13T10:15:13.917+05:30  INFO 24200 --- [user-service] [nio-8084-exec-1] o.a.c.c.C.[Tomcat].[localhost].[/]       : Initializing Spring DispatcherServlet 'dispatcherServlet'
2025-11-13T10:15:13.917+05:30  INFO 24200 --- [user-service] [nio-8084-exec-1] o.s.web.servlet.DispatcherServlet        : Initializing Servlet 'dispatcherServlet'
2025-11-13T10:15:13.918+05:30  INFO 24200 --- [user-service] [nio-8084-exec-1] o.s.web.servlet.DispatcherServlet        : Completed initialization in 1 ms
2025-11-13T10:19:04.139+05:30  INFO 24200 --- [user-service] [rap-executor-%d] c.n.d.s.r.aws.ConfigClusterResolver      : Resolving eureka endpoints via configuration
2025-11-13T10:24:04.140+05:30  INFO 24200 --- [user-service] [rap-executor-%d] c.n.d.s.r.aws.ConfigClusterResolver      : Resolving eureka endpoints via configuration
2025-11-13T10:29:04.141+05:30  INFO 24200 --- [user-service] [rap-executor-%d] c.n.d.s.r.aws.ConfigClusterResolver      : Resolving eureka endpoints via configuration
2025-11-13T10:34:04.142+05:30  INFO 24200 --- [user-service] [rap-executor-%d] c.n.d.s.r.aws.ConfigClusterResolver      : Resolving eureka endpoints via configuration
2025-11-13T10:39:04.143+05:30  INFO 24200 --- [user-service] [rap-executor-%d] c.n.d.s.r.aws.ConfigClusterResolver      : Resolving eureka endpoints via configuration
2025-11-13T10:44:04.143+05:30  INFO 24200 --- [user-service] [rap-executor-%d] c.n.d.s.r.aws.ConfigClusterResolver      : Resolving eureka endpoints via configuration
2025-11-13T10:49:04.144+05:30  INFO 24200 --- [user-service] [rap-executor-%d] c.n.d.s.r.aws.ConfigClusterResolver      : Resolving eureka endpoints via configuration
2025-11-13T10:54:04.145+05:30  INFO 24200 --- [user-service] [rap-executor-%d] c.n.d.s.r.aws.ConfigClusterResolver      : Resolving eureka endpoints via configuration
2025-11-13T10:59:04.146+05:30  INFO 24200 --- [user-service] [rap-executor-%d] c.n.d.s.r.aws.ConfigClusterResolver      : Resolving eureka endpoints via configuration
2025-11-13T11:04:04.147+05:30  INFO 24200 --- [user-service] [rap-executor-%d] c.n.d.s.r.aws.ConfigClusterResolver      : Resolving eureka endpoints via configuration
